Using pre-set license
Built from '2022.3/staging' branch; Version is '2022.3.15f1 (b58023a2b463) revision 11894819'; Using compiler version '192829333'; Build Type 'Release'
OS: 'Windows 11  (10.0.22631) 64bit CoreSingleLanguage' Language: 'tr' Physical Memory: 16125 MB
BatchMode: 1, IsHumanControllingUs: 0, StartBugReporterOnCrash: 0, Is64bit: 1, IsPro: 1

COMMAND LINE ARGUMENTS:
D:\2022.3.15f1\Editor\Unity.exe
-adb2
-batchMode
-noUpm
-name
AssetImportWorker6
-projectPath
D:/Unity Projects/Dreamgames_CaseStudy
-logFile
Logs/AssetImportWorker6.log
-srvPort
61272
Successfully changed project path to: D:/Unity Projects/Dreamgames_CaseStudy
D:/Unity Projects/Dreamgames_CaseStudy
[UnityMemory] Configuration Parameters - Can be set up in boot.config
    "memorysetup-bucket-allocator-granularity=16"
    "memorysetup-bucket-allocator-bucket-count=8"
    "memorysetup-bucket-allocator-block-size=33554432"
    "memorysetup-bucket-allocator-block-count=8"
    "memorysetup-main-allocator-block-size=16777216"
    "memorysetup-thread-allocator-block-size=16777216"
    "memorysetup-gfx-main-allocator-block-size=16777216"
    "memorysetup-gfx-thread-allocator-block-size=16777216"
    "memorysetup-cache-allocator-block-size=4194304"
    "memorysetup-typetree-allocator-block-size=2097152"
    "memorysetup-profiler-bucket-allocator-granularity=16"
    "memorysetup-profiler-bucket-allocator-bucket-count=8"
    "memorysetup-profiler-bucket-allocator-block-size=33554432"
    "memorysetup-profiler-bucket-allocator-block-count=8"
    "memorysetup-profiler-allocator-block-size=16777216"
    "memorysetup-profiler-editor-allocator-block-size=1048576"
    "memorysetup-temp-allocator-size-main=16777216"
    "memorysetup-job-temp-allocator-block-size=2097152"
    "memorysetup-job-temp-allocator-block-size-background=1048576"
    "memorysetup-job-temp-allocator-reduction-small-platforms=262144"
    "memorysetup-allocator-temp-initial-block-size-main=262144"
    "memorysetup-allocator-temp-initial-block-size-worker=262144"
    "memorysetup-temp-allocator-size-background-worker=32768"
    "memorysetup-temp-allocator-size-job-worker=262144"
    "memorysetup-temp-allocator-size-preload-manager=33554432"
    "memorysetup-temp-allocator-size-nav-mesh-worker=65536"
    "memorysetup-temp-allocator-size-audio-worker=65536"
    "memorysetup-temp-allocator-size-cloud-worker=32768"
    "memorysetup-temp-allocator-size-gi-baking-worker=262144"
    "memorysetup-temp-allocator-size-gfx=262144"
Player connection [11016] Host "[IP] 192.168.1.2 [Port] 0 [Flags] 2 [Guid] 1565934422 [EditorId] 1565934422 [Version] 1048832 [Id] WindowsEditor(7,Akdeniz) [Debug] 1 [PackageName] WindowsEditor [ProjectName] Editor" joined multi-casting on [225.0.0.222:54997]...

Player connection [11016] Host "[IP] 192.168.1.2 [Port] 0 [Flags] 2 [Guid] 1565934422 [EditorId] 1565934422 [Version] 1048832 [Id] WindowsEditor(7,Akdeniz) [Debug] 1 [PackageName] WindowsEditor [ProjectName] Editor" joined alternative multi-casting on [225.0.0.222:34997]...

[Physics::Module] Initialized MultithreadedJobDispatcher with 15 workers.
Refreshing native plugins compatible for Editor in 25.14 ms, found 3 plugins.
Preloading 0 native plugins for Editor in 0.00 ms.
Initialize engine version: 2022.3.15f1 (b58023a2b463)
[Subsystems] Discovering subsystems at path D:/2022.3.15f1/Editor/Data/Resources/UnitySubsystems
[Subsystems] Discovering subsystems at path D:/Unity Projects/Dreamgames_CaseStudy/Assets
GfxDevice: creating device client; threaded=0; jobified=0
Direct3D:
    Version:  Direct3D 11.0 [level 11.1]
    Renderer: NVIDIA GeForce RTX 3060 Laptop GPU (ID=0x2520)
    Vendor:   NVIDIA
    VRAM:     5996 MB
    Driver:   32.0.15.6094
Initialize mono
Mono path[0] = 'D:/2022.3.15f1/Editor/Data/Managed'
Mono path[1] = 'D:/2022.3.15f1/Editor/Data/MonoBleedingEdge/lib/mono/unityjit-win32'
Mono config path = 'D:/2022.3.15f1/Editor/Data/MonoBleedingEdge/etc'
Using monoOptions --debugger-agent=transport=dt_socket,embedding=1,server=y,suspend=n,address=127.0.0.1:56256
Begin MonoManager ReloadAssembly
Registering precompiled unity dll's ...
Register platform support module: D:/2022.3.15f1/Editor/Data/PlaybackEngines/WebGLSupport/UnityEditor.WebGL.Extensions.dll
Register platform support module: D:/2022.3.15f1/Editor/Data/PlaybackEngines/WindowsStandaloneSupport/UnityEditor.WindowsStandalone.Extensions.dll
Registered in 0.006496 seconds.
- Loaded All Assemblies, in  0.413 seconds
Native extension for WindowsStandalone target not found
Native extension for WebGL target not found
Mono: successfully reloaded assembly
- Finished resetting the current domain, in  0.248 seconds
Domain Reload Profiling: 662ms
	BeginReloadAssembly (162ms)
		ExecutionOrderSort (0ms)
		DisableScriptedObjects (0ms)
		BackupInstance (0ms)
		ReleaseScriptingObjects (0ms)
		CreateAndSetChildDomain (1ms)
	RebuildCommonClasses (37ms)
	RebuildNativeTypeToScriptingClass (11ms)
	initialDomainReloadingComplete (47ms)
	LoadAllAssembliesAndSetupDomain (156ms)
		LoadAssemblies (162ms)
		RebuildTransferFunctionScriptingTraits (0ms)
		AnalyzeDomain (154ms)
			TypeCache.Refresh (153ms)
				TypeCache.ScanAssembly (139ms)
			ScanForSourceGeneratedMonoScriptInfo (0ms)
			ResolveRequiredComponents (0ms)
	FinalizeReload (249ms)
		ReleaseScriptCaches (0ms)
		RebuildScriptCaches (0ms)
		SetupLoadedEditorAssemblies (190ms)
			LogAssemblyErrors (0ms)
			InitializePlatformSupportModulesInManaged (8ms)
			SetLoadedEditorAssemblies (6ms)
			RefreshPlugins (0ms)
			BeforeProcessingInitializeOnLoad (2ms)
			ProcessInitializeOnLoadAttributes (136ms)
			ProcessInitializeOnLoadMethodAttributes (37ms)
			AfterProcessingInitializeOnLoad (0ms)
			EditorAssembliesLoaded (0ms)
		ExecutionOrderSort2 (0ms)
		AwakeInstancesAfterBackupRestoration (0ms)
========================================================================
Worker process is ready to serve import requests
Begin MonoManager ReloadAssembly
- Loaded All Assemblies, in  0.668 seconds
Refreshing native plugins compatible for Editor in 3.96 ms, found 3 plugins.
Native extension for WindowsStandalone target not found
Native extension for WebGL target not found
Package Manager log level set to [2]
[Package Manager] Server::EnsureServerProcessIsRunning -- launch failed, reason: Unity was launched with the -noUpm command-line argument
[Package Manager] UpmClient::Send -- Unable to send message (not connected to UPM process).
[Package Manager] Cannot connect to Unity Package Manager local server
Mono: successfully reloaded assembly
- Finished resetting the current domain, in  0.761 seconds
Domain Reload Profiling: 1430ms
	BeginReloadAssembly (143ms)
		ExecutionOrderSort (0ms)
		DisableScriptedObjects (6ms)
		BackupInstance (0ms)
		ReleaseScriptingObjects (0ms)
		CreateAndSetChildDomain (22ms)
	RebuildCommonClasses (31ms)
	RebuildNativeTypeToScriptingClass (12ms)
	initialDomainReloadingComplete (37ms)
	LoadAllAssembliesAndSetupDomain (445ms)
		LoadAssemblies (392ms)
		RebuildTransferFunctionScriptingTraits (0ms)
		AnalyzeDomain (134ms)
			TypeCache.Refresh (110ms)
				TypeCache.ScanAssembly (96ms)
			ScanForSourceGeneratedMonoScriptInfo (17ms)
			ResolveRequiredComponents (4ms)
	FinalizeReload (762ms)
		ReleaseScriptCaches (0ms)
		RebuildScriptCaches (0ms)
		SetupLoadedEditorAssemblies (611ms)
			LogAssemblyErrors (0ms)
			InitializePlatformSupportModulesInManaged (4ms)
			SetLoadedEditorAssemblies (4ms)
			RefreshPlugins (0ms)
			BeforeProcessingInitializeOnLoad (48ms)
			ProcessInitializeOnLoadAttributes (526ms)
			ProcessInitializeOnLoadMethodAttributes (27ms)
			AfterProcessingInitializeOnLoad (2ms)
			EditorAssembliesLoaded (0ms)
		ExecutionOrderSort2 (0ms)
		AwakeInstancesAfterBackupRestoration (5ms)
Launched and connected shader compiler UnityShaderCompiler.exe after 0.07 seconds
Refreshing native plugins compatible for Editor in 2.47 ms, found 3 plugins.
Preloading 0 native plugins for Editor in 0.00 ms.
Unloading 2466 Unused Serialized files (Serialized files now loaded: 0)
Unloading 61 unused Assets / (241.7 KB). Loaded Objects now: 2933.
Memory consumption went from 186.6 MB to 186.3 MB.
Total: 3.499400 ms (FindLiveObjects: 0.217300 ms CreateObjectMapping: 0.078200 ms MarkObjects: 2.999400 ms  DeleteObjects: 0.203500 ms)

AssetImportParameters requested are different than current active one (requested -> active):
  custom:video-decoder-webm-vp8: 9c59270c3fd7afecdb556c50c9e8de78 -> 
  custom:SearchIndexIgnoredProperties: e643bd26f0fe6173181afceb89e7c659 -> 
  custom:container-demuxer-ogg: 62fdf1f143b41e24485cea50d1cbac27 -> 
  custom:AudioImporter_EditorPlatform: d09bf68614088b80899f8185d706f6e7 -> 
  custom:video-codec-MediaFoundation-h265: 746d11721c4dcdbdad8f713fa42b33f4 -> 
  custom:video-decoder-ogg-theora: a1e56fd34408186e4bbccfd4996cb3dc -> 
  custom:framework-win-MediaFoundation: 216162199b28c13a410421893ffa2e32 -> 
  custom:video-encoder-webm-vp8: eb34c28f22e8b96e1ab97ce403110664 -> 
  custom:audio-decoder-ogg-vorbis: bf7c407c2cedff20999df2af8eb42d56 -> 
  custom:CustomObjectIndexerAttribute: 43b350a4d6e6d1791af0b5038c4bea17 -> 
  custom:container-demuxer-webm: 4f35f7cbe854078d1ac9338744f61a02 -> 
  custom:audio-encoder-webm-vorbis: bf7c407c2cedff20999df2af8eb42d56 -> 
  custom:container-muxer-webm: aa71ff27fc2769a1b78a27578f13a17b -> 
========================================================================
Received Import Request.
  Time since last request: 181671.150325 seconds.
  path: Assets/Prefabs/Gems/Gem - Red Variant.prefab
  artifactKey: Guid(220c510aa6a568949a728c582e32a733) Importer(815301076,1909f56bfc062723c751e8b465ee728b)
Start importing Assets/Prefabs/Gems/Gem - Red Variant.prefab using Guid(220c510aa6a568949a728c582e32a733) Importer(815301076,1909f56bfc062723c751e8b465ee728b)  -> (artifact id: 'dd6309a91785ec3989664ec9652961d0') in 0.118928 seconds
Number of updated asset objects reloaded before import = 0
Number of asset objects unloaded after import = 35
========================================================================
Received Import Request.
  Time since last request: 1974.017343 seconds.
  path: Assets/Prefabs/Gems/Gem - Green Variant.prefab
  artifactKey: Guid(2fb3fc1d1b1f8bb47a04d7b61db04cf4) Importer(815301076,1909f56bfc062723c751e8b465ee728b)
Start importing Assets/Prefabs/Gems/Gem - Green Variant.prefab using Guid(2fb3fc1d1b1f8bb47a04d7b61db04cf4) Importer(815301076,1909f56bfc062723c751e8b465ee728b)  -> (artifact id: '1117ae0219e73faacf4321f185eefb68') in 0.032008 seconds
Number of updated asset objects reloaded before import = 0
Number of asset objects unloaded after import = 35
========================================================================
Received Import Request.
  Time since last request: 0.000020 seconds.
  path: Assets/Prefabs/Gems/Gem - Yellow Variant.prefab
  artifactKey: Guid(17e96bb4c10e16c41aa552eb7cfac9a7) Importer(815301076,1909f56bfc062723c751e8b465ee728b)
Start importing Assets/Prefabs/Gems/Gem - Yellow Variant.prefab using Guid(17e96bb4c10e16c41aa552eb7cfac9a7) Importer(815301076,1909f56bfc062723c751e8b465ee728b)  -> (artifact id: '754b0af99998d217ed1320ce2c4a8d9d') in 0.048891 seconds
Number of updated asset objects reloaded before import = 0
Number of asset objects unloaded after import = 35
========================================================================
Received Import Request.
  Time since last request: 0.000020 seconds.
  path: Assets/Prefabs/Gems/Gem - Red Variant.prefab
  artifactKey: Guid(220c510aa6a568949a728c582e32a733) Importer(815301076,1909f56bfc062723c751e8b465ee728b)
Start importing Assets/Prefabs/Gems/Gem - Red Variant.prefab using Guid(220c510aa6a568949a728c582e32a733) Importer(815301076,1909f56bfc062723c751e8b465ee728b)  -> (artifact id: 'ea75283b96d073bbdecf6e49d7410242') in 0.017677 seconds
Number of updated asset objects reloaded before import = 0
Number of asset objects unloaded after import = 35
========================================================================
Received Import Request.
  Time since last request: 90.293001 seconds.
  path: Assets/Prefabs/Effects/GemPop - Blue.prefab
  artifactKey: Guid(d57b7e73ed9aebb40ab472606003ab9f) Importer(815301076,1909f56bfc062723c751e8b465ee728b)
Start importing Assets/Prefabs/Effects/GemPop - Blue.prefab using Guid(d57b7e73ed9aebb40ab472606003ab9f) Importer(815301076,1909f56bfc062723c751e8b465ee728b)  -> (artifact id: 'ef1a6d52266c265a84c004061ec22f7a') in 0.019224 seconds
Number of updated asset objects reloaded before import = 0
Number of asset objects unloaded after import = 8
========================================================================
Received Import Request.
  Time since last request: 13.740581 seconds.
  path: Assets/Prefabs/Effects/GemBurst - Blue.prefab
  artifactKey: Guid(a2f80c99110b05840ad73d1ac854ad0a) Importer(815301076,1909f56bfc062723c751e8b465ee728b)
Start importing Assets/Prefabs/Effects/GemBurst - Blue.prefab using Guid(a2f80c99110b05840ad73d1ac854ad0a) Importer(815301076,1909f56bfc062723c751e8b465ee728b)  -> (artifact id: 'd531e09d1834b6f62dee68d15914360a') in 0.011234 seconds
Number of updated asset objects reloaded before import = 0
Number of asset objects unloaded after import = 8
========================================================================
Received Import Request.
  Time since last request: 105.822554 seconds.
  path: Assets/Prefabs/Effects/GemPop - Blue.prefab
  artifactKey: Guid(d57b7e73ed9aebb40ab472606003ab9f) Importer(815301076,1909f56bfc062723c751e8b465ee728b)
Start importing Assets/Prefabs/Effects/GemPop - Blue.prefab using Guid(d57b7e73ed9aebb40ab472606003ab9f) Importer(815301076,1909f56bfc062723c751e8b465ee728b)  -> (artifact id: '3128ae56f839ff49d105e73f9e7982ed') in 0.009200 seconds
Number of updated asset objects reloaded before import = 0
Number of asset objects unloaded after import = 8
========================================================================
Received Import Request.
  Time since last request: 8.479232 seconds.
  path: Assets/Prefabs/Effects/GemPop - Blue.prefab
  artifactKey: Guid(d57b7e73ed9aebb40ab472606003ab9f) Importer(815301076,1909f56bfc062723c751e8b465ee728b)
Start importing Assets/Prefabs/Effects/GemPop - Blue.prefab using Guid(d57b7e73ed9aebb40ab472606003ab9f) Importer(815301076,1909f56bfc062723c751e8b465ee728b)  -> (artifact id: '26e13710180f59cefdbfd58b66601db0') in 0.005986 seconds
Number of updated asset objects reloaded before import = 0
Number of asset objects unloaded after import = 8
========================================================================
Received Import Request.
  Time since last request: 23.906512 seconds.
  path: Assets/Prefabs/Gems/Gem - Blue.prefab
  artifactKey: Guid(b198eddf361b467418fd5ecbc83e3f69) Importer(815301076,1909f56bfc062723c751e8b465ee728b)
Start importing Assets/Prefabs/Gems/Gem - Blue.prefab using Guid(b198eddf361b467418fd5ecbc83e3f69) Importer(815301076,1909f56bfc062723c751e8b465ee728b)  -> (artifact id: '671915a7a6f68bf864df3454d8fa39de') in 1.410283 seconds
Number of updated asset objects reloaded before import = 0
Number of asset objects unloaded after import = 21
========================================================================
Received Import Request.
  Time since last request: 0.005738 seconds.
  path: Assets/Prefabs/Gems/TNT Variant.prefab
  artifactKey: Guid(0c37784aff2a8db48af5414f9c846cb8) Importer(815301076,1909f56bfc062723c751e8b465ee728b)
Start importing Assets/Prefabs/Gems/TNT Variant.prefab using Guid(0c37784aff2a8db48af5414f9c846cb8) Importer(815301076,1909f56bfc062723c751e8b465ee728b)  -> (artifact id: '7c20078e1e80fcfc1f56e925458da4ec') in 0.021102 seconds
Number of updated asset objects reloaded before import = 0
Number of asset objects unloaded after import = 37
========================================================================
Received Import Request.
  Time since last request: 0.000021 seconds.
  path: Assets/Prefabs/Gems/Gem - Yellow Variant.prefab
  artifactKey: Guid(17e96bb4c10e16c41aa552eb7cfac9a7) Importer(815301076,1909f56bfc062723c751e8b465ee728b)
Start importing Assets/Prefabs/Gems/Gem - Yellow Variant.prefab using Guid(17e96bb4c10e16c41aa552eb7cfac9a7) Importer(815301076,1909f56bfc062723c751e8b465ee728b)  -> (artifact id: '02eede9ef2a8dd7db6a061584dde91f6') in 0.062868 seconds
Number of updated asset objects reloaded before import = 0
Number of asset objects unloaded after import = 35
========================================================================
Received Import Request.
  Time since last request: 0.000029 seconds.
  path: Assets/Prefabs/Gems/Gem - Red Variant.prefab
  artifactKey: Guid(220c510aa6a568949a728c582e32a733) Importer(815301076,1909f56bfc062723c751e8b465ee728b)
Start importing Assets/Prefabs/Gems/Gem - Red Variant.prefab using Guid(220c510aa6a568949a728c582e32a733) Importer(815301076,1909f56bfc062723c751e8b465ee728b)  -> (artifact id: 'a15033ac8df0e2a5c3ce53cb9934b1ef') in 0.017651 seconds
Number of updated asset objects reloaded before import = 0
Number of asset objects unloaded after import = 35
========================================================================
Received Import Request.
  Time since last request: 4.136082 seconds.
  path: Assets/Prefabs/Gems/Gem - Blue.prefab
  artifactKey: Guid(b198eddf361b467418fd5ecbc83e3f69) Importer(815301076,1909f56bfc062723c751e8b465ee728b)
Start importing Assets/Prefabs/Gems/Gem - Blue.prefab using Guid(b198eddf361b467418fd5ecbc83e3f69) Importer(815301076,1909f56bfc062723c751e8b465ee728b)  -> (artifact id: '33dfca38902eadd778d36aca7fc12588') in 0.013583 seconds
Number of updated asset objects reloaded before import = 0
Number of asset objects unloaded after import = 21
========================================================================
Received Import Request.
  Time since last request: 10.883072 seconds.
  path: Assets/Prefabs/Effects/GemBurst - Blue.prefab
  artifactKey: Guid(a2f80c99110b05840ad73d1ac854ad0a) Importer(815301076,1909f56bfc062723c751e8b465ee728b)
Start importing Assets/Prefabs/Effects/GemBurst - Blue.prefab using Guid(a2f80c99110b05840ad73d1ac854ad0a) Importer(815301076,1909f56bfc062723c751e8b465ee728b)  -> (artifact id: '23fbb242c9f985cff98c927d0d1384cb') in 0.014654 seconds
Number of updated asset objects reloaded before import = 0
Number of asset objects unloaded after import = 8
========================================================================
Received Import Request.
  Time since last request: 543.682147 seconds.
  path: Assets/Materials/Particles/Gem Particle - Yellow.mat
  artifactKey: Guid(e4a1950872e68904f93206070bcc5e4a) Importer(815301076,1909f56bfc062723c751e8b465ee728b)
Start importing Assets/Materials/Particles/Gem Particle - Yellow.mat using Guid(e4a1950872e68904f93206070bcc5e4a) Importer(815301076,1909f56bfc062723c751e8b465ee728b)  -> (artifact id: '1e89fe62d0709755520323521581689f') in 0.070402 seconds
Number of updated asset objects reloaded before import = 0
Number of asset objects unloaded after import = 2
========================================================================
Received Import Request.
  Time since last request: 5.271335 seconds.
  path: Assets/Prefabs/Effects/GemBurst - Yellow Variant.prefab
  artifactKey: Guid(89dec2733d859084dbfd3e09306afa6d) Importer(815301076,1909f56bfc062723c751e8b465ee728b)
Start importing Assets/Prefabs/Effects/GemBurst - Yellow Variant.prefab using Guid(89dec2733d859084dbfd3e09306afa6d) Importer(815301076,1909f56bfc062723c751e8b465ee728b)  -> (artifact id: '887ba9901834896b27ada20b85aa1513') in 0.015782 seconds
Number of updated asset objects reloaded before import = 0
Number of asset objects unloaded after import = 16
========================================================================
Received Import Request.
  Time since last request: 3.461383 seconds.
  path: Assets/Prefabs/Gems/Gem - Green Variant.prefab
  artifactKey: Guid(2fb3fc1d1b1f8bb47a04d7b61db04cf4) Importer(815301076,1909f56bfc062723c751e8b465ee728b)
Start importing Assets/Prefabs/Gems/Gem - Green Variant.prefab using Guid(2fb3fc1d1b1f8bb47a04d7b61db04cf4) Importer(815301076,1909f56bfc062723c751e8b465ee728b)  -> (artifact id: 'd7bc27fbc24925a95867c7c3c4f0a0e3') in 0.018952 seconds
Number of updated asset objects reloaded before import = 0
Number of asset objects unloaded after import = 35
========================================================================
Received Import Request.
  Time since last request: 0.000026 seconds.
  path: Assets/Prefabs/Gems/Gem - Yellow Variant.prefab
  artifactKey: Guid(17e96bb4c10e16c41aa552eb7cfac9a7) Importer(815301076,1909f56bfc062723c751e8b465ee728b)
Start importing Assets/Prefabs/Gems/Gem - Yellow Variant.prefab using Guid(17e96bb4c10e16c41aa552eb7cfac9a7) Importer(815301076,1909f56bfc062723c751e8b465ee728b)  -> (artifact id: '0b5ac894f889c684b14e6db3bae990e2') in 0.061802 seconds
Number of updated asset objects reloaded before import = 0
Number of asset objects unloaded after import = 35
========================================================================
Received Import Request.
  Time since last request: 0.000049 seconds.
  path: Assets/Prefabs/Gems/Gem - Red Variant.prefab
  artifactKey: Guid(220c510aa6a568949a728c582e32a733) Importer(815301076,1909f56bfc062723c751e8b465ee728b)
Start importing Assets/Prefabs/Gems/Gem - Red Variant.prefab using Guid(220c510aa6a568949a728c582e32a733) Importer(815301076,1909f56bfc062723c751e8b465ee728b)  -> (artifact id: 'e5809152368345c3a0b06658441cad98') in 0.025757 seconds
Number of updated asset objects reloaded before import = 0
Number of asset objects unloaded after import = 35
Editor requested this worker to shutdown with reason: Scaling down because of idle timeout
TcpMessagingSession - receive error: operation aborted. errorcode: 995, details: Bir iş parçacığı çıkışı veya bir uygulama isteği nedeniyle G/Ç işlemi iptal edildi.
AssetImportWorker is now disconnected from the server
Process exiting
Exiting without the bug reporter. Application will terminate with return code 0