Using pre-set license
Built from '2022.3/staging' branch; Version is '2022.3.15f1 (b58023a2b463) revision 11894819'; Using compiler version '192829333'; Build Type 'Release'
OS: 'Windows 11  (10.0.22631) 64bit CoreSingleLanguage' Language: 'tr' Physical Memory: 16125 MB
BatchMode: 1, IsHumanControllingUs: 0, StartBugReporterOnCrash: 0, Is64bit: 1, IsPro: 1

COMMAND LINE ARGUMENTS:
D:\2022.3.15f1\Editor\Unity.exe
-adb2
-batchMode
-noUpm
-name
AssetImportWorker4
-projectPath
D:/Unity Projects/Dreamgames_CaseStudy
-logFile
Logs/AssetImportWorker4.log
-srvPort
61272
Successfully changed project path to: D:/Unity Projects/Dreamgames_CaseStudy
D:/Unity Projects/Dreamgames_CaseStudy
[UnityMemory] Configuration Parameters - Can be set up in boot.config
    "memorysetup-bucket-allocator-granularity=16"
    "memorysetup-bucket-allocator-bucket-count=8"
    "memorysetup-bucket-allocator-block-size=33554432"
    "memorysetup-bucket-allocator-block-count=8"
    "memorysetup-main-allocator-block-size=16777216"
    "memorysetup-thread-allocator-block-size=16777216"
    "memorysetup-gfx-main-allocator-block-size=16777216"
    "memorysetup-gfx-thread-allocator-block-size=16777216"
    "memorysetup-cache-allocator-block-size=4194304"
    "memorysetup-typetree-allocator-block-size=2097152"
    "memorysetup-profiler-bucket-allocator-granularity=16"
    "memorysetup-profiler-bucket-allocator-bucket-count=8"
    "memorysetup-profiler-bucket-allocator-block-size=33554432"
    "memorysetup-profiler-bucket-allocator-block-count=8"
    "memorysetup-profiler-allocator-block-size=16777216"
    "memorysetup-profiler-editor-allocator-block-size=1048576"
    "memorysetup-temp-allocator-size-main=16777216"
    "memorysetup-job-temp-allocator-block-size=2097152"
    "memorysetup-job-temp-allocator-block-size-background=1048576"
    "memorysetup-job-temp-allocator-reduction-small-platforms=262144"
    "memorysetup-allocator-temp-initial-block-size-main=262144"
    "memorysetup-allocator-temp-initial-block-size-worker=262144"
    "memorysetup-temp-allocator-size-background-worker=32768"
    "memorysetup-temp-allocator-size-job-worker=262144"
    "memorysetup-temp-allocator-size-preload-manager=33554432"
    "memorysetup-temp-allocator-size-nav-mesh-worker=65536"
    "memorysetup-temp-allocator-size-audio-worker=65536"
    "memorysetup-temp-allocator-size-cloud-worker=32768"
    "memorysetup-temp-allocator-size-gi-baking-worker=262144"
    "memorysetup-temp-allocator-size-gfx=262144"
Player connection [33272] Host "[IP] 192.168.1.2 [Port] 0 [Flags] 2 [Guid] 2017606517 [EditorId] 2017606517 [Version] 1048832 [Id] WindowsEditor(7,Akdeniz) [Debug] 1 [PackageName] WindowsEditor [ProjectName] Editor" joined multi-casting on [225.0.0.222:54997]...

Player connection [33272] Host "[IP] 192.168.1.2 [Port] 0 [Flags] 2 [Guid] 2017606517 [EditorId] 2017606517 [Version] 1048832 [Id] WindowsEditor(7,Akdeniz) [Debug] 1 [PackageName] WindowsEditor [ProjectName] Editor" joined alternative multi-casting on [225.0.0.222:34997]...

[Physics::Module] Initialized MultithreadedJobDispatcher with 15 workers.
Refreshing native plugins compatible for Editor in 6.83 ms, found 3 plugins.
Preloading 0 native plugins for Editor in 0.00 ms.
Initialize engine version: 2022.3.15f1 (b58023a2b463)
[Subsystems] Discovering subsystems at path D:/2022.3.15f1/Editor/Data/Resources/UnitySubsystems
[Subsystems] Discovering subsystems at path D:/Unity Projects/Dreamgames_CaseStudy/Assets
GfxDevice: creating device client; threaded=0; jobified=0
Direct3D:
    Version:  Direct3D 11.0 [level 11.1]
    Renderer: NVIDIA GeForce RTX 3060 Laptop GPU (ID=0x2520)
    Vendor:   NVIDIA
    VRAM:     5996 MB
    Driver:   32.0.15.6094
Initialize mono
Mono path[0] = 'D:/2022.3.15f1/Editor/Data/Managed'
Mono path[1] = 'D:/2022.3.15f1/Editor/Data/MonoBleedingEdge/lib/mono/unityjit-win32'
Mono config path = 'D:/2022.3.15f1/Editor/Data/MonoBleedingEdge/etc'
Using monoOptions --debugger-agent=transport=dt_socket,embedding=1,server=y,suspend=n,address=127.0.0.1:56380
Begin MonoManager ReloadAssembly
Registering precompiled unity dll's ...
Register platform support module: D:/2022.3.15f1/Editor/Data/PlaybackEngines/WebGLSupport/UnityEditor.WebGL.Extensions.dll
Register platform support module: D:/2022.3.15f1/Editor/Data/PlaybackEngines/WindowsStandaloneSupport/UnityEditor.WindowsStandalone.Extensions.dll
Registered in 0.003344 seconds.
- Loaded All Assemblies, in  0.327 seconds
Native extension for WindowsStandalone target not found
Native extension for WebGL target not found
Mono: successfully reloaded assembly
- Finished resetting the current domain, in  0.241 seconds
Domain Reload Profiling: 568ms
	BeginReloadAssembly (110ms)
		ExecutionOrderSort (0ms)
		DisableScriptedObjects (0ms)
		BackupInstance (0ms)
		ReleaseScriptingObjects (0ms)
		CreateAndSetChildDomain (1ms)
	RebuildCommonClasses (35ms)
	RebuildNativeTypeToScriptingClass (14ms)
	initialDomainReloadingComplete (44ms)
	LoadAllAssembliesAndSetupDomain (123ms)
		LoadAssemblies (110ms)
		RebuildTransferFunctionScriptingTraits (0ms)
		AnalyzeDomain (121ms)
			TypeCache.Refresh (120ms)
				TypeCache.ScanAssembly (106ms)
			ScanForSourceGeneratedMonoScriptInfo (0ms)
			ResolveRequiredComponents (0ms)
	FinalizeReload (241ms)
		ReleaseScriptCaches (0ms)
		RebuildScriptCaches (0ms)
		SetupLoadedEditorAssemblies (190ms)
			LogAssemblyErrors (0ms)
			InitializePlatformSupportModulesInManaged (7ms)
			SetLoadedEditorAssemblies (5ms)
			RefreshPlugins (0ms)
			BeforeProcessingInitializeOnLoad (2ms)
			ProcessInitializeOnLoadAttributes (135ms)
			ProcessInitializeOnLoadMethodAttributes (41ms)
			AfterProcessingInitializeOnLoad (0ms)
			EditorAssembliesLoaded (0ms)
		ExecutionOrderSort2 (0ms)
		AwakeInstancesAfterBackupRestoration (0ms)
========================================================================
Worker process is ready to serve import requests
Begin MonoManager ReloadAssembly
- Loaded All Assemblies, in  0.502 seconds
Refreshing native plugins compatible for Editor in 2.51 ms, found 3 plugins.
Native extension for WindowsStandalone target not found
Native extension for WebGL target not found
Package Manager log level set to [2]
[Package Manager] Server::EnsureServerProcessIsRunning -- launch failed, reason: Unity was launched with the -noUpm command-line argument
[Package Manager] UpmClient::Send -- Unable to send message (not connected to UPM process).
[Package Manager] Cannot connect to Unity Package Manager local server
Mono: successfully reloaded assembly
- Finished resetting the current domain, in  0.677 seconds
Domain Reload Profiling: 1179ms
	BeginReloadAssembly (139ms)
		ExecutionOrderSort (0ms)
		DisableScriptedObjects (5ms)
		BackupInstance (0ms)
		ReleaseScriptingObjects (0ms)
		CreateAndSetChildDomain (18ms)
	RebuildCommonClasses (30ms)
	RebuildNativeTypeToScriptingClass (9ms)
	initialDomainReloadingComplete (33ms)
	LoadAllAssembliesAndSetupDomain (290ms)
		LoadAssemblies (250ms)
		RebuildTransferFunctionScriptingTraits (0ms)
		AnalyzeDomain (126ms)
			TypeCache.Refresh (110ms)
				TypeCache.ScanAssembly (96ms)
			ScanForSourceGeneratedMonoScriptInfo (13ms)
			ResolveRequiredComponents (2ms)
	FinalizeReload (677ms)
		ReleaseScriptCaches (0ms)
		RebuildScriptCaches (0ms)
		SetupLoadedEditorAssemblies (553ms)
			LogAssemblyErrors (0ms)
			InitializePlatformSupportModulesInManaged (5ms)
			SetLoadedEditorAssemblies (3ms)
			RefreshPlugins (0ms)
			BeforeProcessingInitializeOnLoad (46ms)
			ProcessInitializeOnLoadAttributes (470ms)
			ProcessInitializeOnLoadMethodAttributes (27ms)
			AfterProcessingInitializeOnLoad (2ms)
			EditorAssembliesLoaded (0ms)
		ExecutionOrderSort2 (0ms)
		AwakeInstancesAfterBackupRestoration (6ms)
Launched and connected shader compiler UnityShaderCompiler.exe after 0.05 seconds
Refreshing native plugins compatible for Editor in 3.13 ms, found 3 plugins.
Preloading 0 native plugins for Editor in 0.00 ms.
Unloading 2466 Unused Serialized files (Serialized files now loaded: 0)
Unloading 61 unused Assets / (242.0 KB). Loaded Objects now: 2932.
Memory consumption went from 114.2 MB to 114.0 MB.
Total: 3.698700 ms (FindLiveObjects: 0.178700 ms CreateObjectMapping: 0.060200 ms MarkObjects: 3.262500 ms  DeleteObjects: 0.196400 ms)

AssetImportParameters requested are different than current active one (requested -> active):
  custom:video-decoder-webm-vp8: 9c59270c3fd7afecdb556c50c9e8de78 -> 
  custom:SearchIndexIgnoredProperties: e643bd26f0fe6173181afceb89e7c659 -> 
  custom:container-demuxer-ogg: 62fdf1f143b41e24485cea50d1cbac27 -> 
  custom:AudioImporter_EditorPlatform: d09bf68614088b80899f8185d706f6e7 -> 
  custom:video-codec-MediaFoundation-h265: 746d11721c4dcdbdad8f713fa42b33f4 -> 
  custom:video-decoder-ogg-theora: a1e56fd34408186e4bbccfd4996cb3dc -> 
  custom:framework-win-MediaFoundation: 216162199b28c13a410421893ffa2e32 -> 
  custom:video-encoder-webm-vp8: eb34c28f22e8b96e1ab97ce403110664 -> 
  custom:audio-decoder-ogg-vorbis: bf7c407c2cedff20999df2af8eb42d56 -> 
  custom:CustomObjectIndexerAttribute: 43b350a4d6e6d1791af0b5038c4bea17 -> 
  custom:container-demuxer-webm: 4f35f7cbe854078d1ac9338744f61a02 -> 
  custom:audio-encoder-webm-vorbis: bf7c407c2cedff20999df2af8eb42d56 -> 
  custom:container-muxer-webm: aa71ff27fc2769a1b78a27578f13a17b -> 
========================================================================
Received Import Request.
  Time since last request: 180264.580975 seconds.
  path: Assets/Prefabs/Gems/Gem - Green Variant.prefab
  artifactKey: Guid(2fb3fc1d1b1f8bb47a04d7b61db04cf4) Importer(815301076,1909f56bfc062723c751e8b465ee728b)
Start importing Assets/Prefabs/Gems/Gem - Green Variant.prefab using Guid(2fb3fc1d1b1f8bb47a04d7b61db04cf4) Importer(815301076,1909f56bfc062723c751e8b465ee728b)  -> (artifact id: '2861348f768d3b6871373c5961846ab4') in 0.091625 seconds
Number of updated asset objects reloaded before import = 0
Number of asset objects unloaded after import = 48
========================================================================
Received Import Request.
  Time since last request: 2.908124 seconds.
  path: Assets/Prefabs/Gems/Gem - Green Variant.prefab
  artifactKey: Guid(2fb3fc1d1b1f8bb47a04d7b61db04cf4) Importer(815301076,1909f56bfc062723c751e8b465ee728b)
Start importing Assets/Prefabs/Gems/Gem - Green Variant.prefab using Guid(2fb3fc1d1b1f8bb47a04d7b61db04cf4) Importer(815301076,1909f56bfc062723c751e8b465ee728b)  -> (artifact id: '8c15181f79942a958848240318bed15c') in 0.014735 seconds
Number of updated asset objects reloaded before import = 0
Number of asset objects unloaded after import = 43
========================================================================
Received Import Request.
  Time since last request: 4.749189 seconds.
  path: Assets/Prefabs/Gems/Gem - Red Variant.prefab
  artifactKey: Guid(220c510aa6a568949a728c582e32a733) Importer(815301076,1909f56bfc062723c751e8b465ee728b)
Start importing Assets/Prefabs/Gems/Gem - Red Variant.prefab using Guid(220c510aa6a568949a728c582e32a733) Importer(815301076,1909f56bfc062723c751e8b465ee728b)  -> (artifact id: 'f59a2c392ea4aeaae04489ec7ed9ca62') in 0.014227 seconds
Number of updated asset objects reloaded before import = 0
Number of asset objects unloaded after import = 43
========================================================================
Received Import Request.
  Time since last request: 38.673722 seconds.
  path: Assets/Art/TileBackground.prefab
  artifactKey: Guid(4c960de45d043844ba2b4b80b81b5afa) Importer(815301076,1909f56bfc062723c751e8b465ee728b)
Start importing Assets/Art/TileBackground.prefab using Guid(4c960de45d043844ba2b4b80b81b5afa) Importer(815301076,1909f56bfc062723c751e8b465ee728b)  -> (artifact id: '59b8abe9e55c471c937f36be63177eeb') in 0.003112 seconds
Number of updated asset objects reloaded before import = 0
Number of asset objects unloaded after import = 5
========================================================================
Received Import Request.
  Time since last request: 49.334483 seconds.
  path: Assets/Prefabs/Effects/GemBurst - Green Variant 1.prefab
  artifactKey: Guid(acd972ccdd36d46419ebf07d91f20a47) Importer(815301076,1909f56bfc062723c751e8b465ee728b)
Start importing Assets/Prefabs/Effects/GemBurst - Green Variant 1.prefab using Guid(acd972ccdd36d46419ebf07d91f20a47) Importer(815301076,1909f56bfc062723c751e8b465ee728b)  -> (artifact id: 'a2388b4a159fd68f76ee96899f782bdf') in 0.015772 seconds
Number of updated asset objects reloaded before import = 0
Number of asset objects unloaded after import = 16
========================================================================
Received Import Request.
  Time since last request: 9.189053 seconds.
  path: Assets/Prefabs/Gems/Gem - Green Variant.prefab
  artifactKey: Guid(2fb3fc1d1b1f8bb47a04d7b61db04cf4) Importer(815301076,1909f56bfc062723c751e8b465ee728b)
Start importing Assets/Prefabs/Gems/Gem - Green Variant.prefab using Guid(2fb3fc1d1b1f8bb47a04d7b61db04cf4) Importer(815301076,1909f56bfc062723c751e8b465ee728b)  -> (artifact id: '55323bcf1ab5061f0fbf72fad02e4cad') in 0.017779 seconds
Number of updated asset objects reloaded before import = 0
Number of asset objects unloaded after import = 43
========================================================================
Received Import Request.
  Time since last request: 287.284835 seconds.
  path: Assets/Prefabs/Effects/GemPop - Blue.prefab
  artifactKey: Guid(d57b7e73ed9aebb40ab472606003ab9f) Importer(815301076,1909f56bfc062723c751e8b465ee728b)
Start importing Assets/Prefabs/Effects/GemPop - Blue.prefab using Guid(d57b7e73ed9aebb40ab472606003ab9f) Importer(815301076,1909f56bfc062723c751e8b465ee728b)  -> (artifact id: '9730f84d13b87ad8681c16362d254163') in 0.014276 seconds
Number of updated asset objects reloaded before import = 0
Number of asset objects unloaded after import = 8
========================================================================
Received Import Request.
  Time since last request: 6.466731 seconds.
  path: Assets/Prefabs/Effects/GemPop - Blue.prefab
  artifactKey: Guid(d57b7e73ed9aebb40ab472606003ab9f) Importer(815301076,1909f56bfc062723c751e8b465ee728b)
Start importing Assets/Prefabs/Effects/GemPop - Blue.prefab using Guid(d57b7e73ed9aebb40ab472606003ab9f) Importer(815301076,1909f56bfc062723c751e8b465ee728b)  -> (artifact id: '767e7f66d167cba5789518df849ce319') in 0.007715 seconds
Number of updated asset objects reloaded before import = 0
Number of asset objects unloaded after import = 8
========================================================================
Received Import Request.
  Time since last request: 9.022078 seconds.
  path: Assets/Prefabs/Gems/Gem - Green Variant.prefab
  artifactKey: Guid(2fb3fc1d1b1f8bb47a04d7b61db04cf4) Importer(815301076,1909f56bfc062723c751e8b465ee728b)
Start importing Assets/Prefabs/Gems/Gem - Green Variant.prefab using Guid(2fb3fc1d1b1f8bb47a04d7b61db04cf4) Importer(815301076,1909f56bfc062723c751e8b465ee728b)  -> (artifact id: 'd47ed8b33f94b68e857567c3541aa3fd') in 0.102399 seconds
Number of updated asset objects reloaded before import = 0
Number of asset objects unloaded after import = 35
========================================================================
Received Import Request.
  Time since last request: 0.000019 seconds.
  path: Assets/Prefabs/Gems/Gem - Yellow Variant.prefab
  artifactKey: Guid(17e96bb4c10e16c41aa552eb7cfac9a7) Importer(815301076,1909f56bfc062723c751e8b465ee728b)
Start importing Assets/Prefabs/Gems/Gem - Yellow Variant.prefab using Guid(17e96bb4c10e16c41aa552eb7cfac9a7) Importer(815301076,1909f56bfc062723c751e8b465ee728b)  -> (artifact id: '8694742c6e4be185ae4e4f040032fd8c') in 0.014911 seconds
Number of updated asset objects reloaded before import = 0
Number of asset objects unloaded after import = 35
========================================================================
Received Import Request.
  Time since last request: 8.109805 seconds.
  path: Assets/Prefabs/Gems/Gem - Blue.prefab
  artifactKey: Guid(b198eddf361b467418fd5ecbc83e3f69) Importer(815301076,1909f56bfc062723c751e8b465ee728b)
Start importing Assets/Prefabs/Gems/Gem - Blue.prefab using Guid(b198eddf361b467418fd5ecbc83e3f69) Importer(815301076,1909f56bfc062723c751e8b465ee728b)  -> (artifact id: '45036fcdddae670c973c9fa6c2597dbc') in 0.086566 seconds
Number of updated asset objects reloaded before import = 0
Number of asset objects unloaded after import = 21
========================================================================
Received Import Request.
  Time since last request: 169.125672 seconds.
  path: Assets/Materials/Particles/Gem Particle - Blue.mat
  artifactKey: Guid(2f578ded779090349941263a091fc759) Importer(815301076,1909f56bfc062723c751e8b465ee728b)
Start importing Assets/Materials/Particles/Gem Particle - Blue.mat using Guid(2f578ded779090349941263a091fc759) Importer(815301076,1909f56bfc062723c751e8b465ee728b)  -> (artifact id: 'c831e73f9a100921242fa6e98fb90318') in 0.035813 seconds
Number of updated asset objects reloaded before import = 0
Number of asset objects unloaded after import = 1
========================================================================
Received Import Request.
  Time since last request: 84.193684 seconds.
  path: Assets/Materials/Particles/Gem Particle - Blue.mat
  artifactKey: Guid(2f578ded779090349941263a091fc759) Importer(815301076,1909f56bfc062723c751e8b465ee728b)
Start importing Assets/Materials/Particles/Gem Particle - Blue.mat using Guid(2f578ded779090349941263a091fc759) Importer(815301076,1909f56bfc062723c751e8b465ee728b)  -> (artifact id: '11c051020de625dbd120a584e0a3be65') in 0.016642 seconds
Number of updated asset objects reloaded before import = 0
Number of asset objects unloaded after import = 2
========================================================================
Received Import Request.
  Time since last request: 0.538561 seconds.
  path: Assets/Materials/Particles/Gem Particle - Blue 2.mat
  artifactKey: Guid(f9c2ed70021092d4d90b42ed49e290ac) Importer(815301076,1909f56bfc062723c751e8b465ee728b)
Start importing Assets/Materials/Particles/Gem Particle - Blue 2.mat using Guid(f9c2ed70021092d4d90b42ed49e290ac) Importer(815301076,1909f56bfc062723c751e8b465ee728b)  -> (artifact id: '55e3178e7c15d54f6cc97b78f8b4b80d') in 0.005647 seconds
Number of updated asset objects reloaded before import = 0
Number of asset objects unloaded after import = 2
========================================================================
Received Import Request.
  Time since last request: 0.525895 seconds.
  path: Assets/Materials/Particles/Gem Particle - Blue 3.mat
  artifactKey: Guid(63ecf12cdfc0e8b4eaf7f78d4b0061ad) Importer(815301076,1909f56bfc062723c751e8b465ee728b)
Start importing Assets/Materials/Particles/Gem Particle - Blue 3.mat using Guid(63ecf12cdfc0e8b4eaf7f78d4b0061ad) Importer(815301076,1909f56bfc062723c751e8b465ee728b)  -> (artifact id: 'f762314bb9e23cec3e356ad8fe085e44') in 0.005591 seconds
Number of updated asset objects reloaded before import = 0
Number of asset objects unloaded after import = 2
========================================================================
Received Import Request.
  Time since last request: 23.142981 seconds.
  path: Assets/Materials/Particles/Gem Particle - Green.mat
  artifactKey: Guid(63ecf12cdfc0e8b4eaf7f78d4b0061ad) Importer(815301076,1909f56bfc062723c751e8b465ee728b)
Start importing Assets/Materials/Particles/Gem Particle - Green.mat using Guid(63ecf12cdfc0e8b4eaf7f78d4b0061ad) Importer(815301076,1909f56bfc062723c751e8b465ee728b)  -> (artifact id: '2aa80c4d602fc4726aa46efe2f316dd2') in 0.015469 seconds
Number of updated asset objects reloaded before import = 0
Number of asset objects unloaded after import = 2
========================================================================
Received Import Request.
  Time since last request: 27.102870 seconds.
  path: Assets/Materials/Particles/Gem Particle - Red.mat
  artifactKey: Guid(f9c2ed70021092d4d90b42ed49e290ac) Importer(815301076,1909f56bfc062723c751e8b465ee728b)
Start importing Assets/Materials/Particles/Gem Particle - Red.mat using Guid(f9c2ed70021092d4d90b42ed49e290ac) Importer(815301076,1909f56bfc062723c751e8b465ee728b)  -> (artifact id: '36af451ea473e32652ba21ad1c6727dc') in 0.012361 seconds
Number of updated asset objects reloaded before import = 0
Number of asset objects unloaded after import = 2
========================================================================
Received Import Request.
  Time since last request: 7.906934 seconds.
  path: Assets/Materials/Particles/Gem Particle - Yellow.mat
  artifactKey: Guid(e4a1950872e68904f93206070bcc5e4a) Importer(815301076,1909f56bfc062723c751e8b465ee728b)
Start importing Assets/Materials/Particles/Gem Particle - Yellow.mat using Guid(e4a1950872e68904f93206070bcc5e4a) Importer(815301076,1909f56bfc062723c751e8b465ee728b)  -> (artifact id: 'e06e59481481994ba5f52cecf091f106') in 0.011358 seconds
Number of updated asset objects reloaded before import = 0
Number of asset objects unloaded after import = 2
========================================================================
Received Import Request.
  Time since last request: 4.428026 seconds.
  path: Assets/Prefabs/Effects/GemBurst - Blue.prefab
  artifactKey: Guid(a2f80c99110b05840ad73d1ac854ad0a) Importer(815301076,1909f56bfc062723c751e8b465ee728b)
Start importing Assets/Prefabs/Effects/GemBurst - Blue.prefab using Guid(a2f80c99110b05840ad73d1ac854ad0a) Importer(815301076,1909f56bfc062723c751e8b465ee728b)  -> (artifact id: 'd0e3e2560e22a02191b07d0aa9b7cf3b') in 0.031813 seconds
Number of updated asset objects reloaded before import = 0
Number of asset objects unloaded after import = 6
========================================================================
Received Import Request.
  Time since last request: 15.652381 seconds.
  path: Assets/Prefabs/Effects/GemPop - Blue.prefab
  artifactKey: Guid(d57b7e73ed9aebb40ab472606003ab9f) Importer(815301076,1909f56bfc062723c751e8b465ee728b)
Start importing Assets/Prefabs/Effects/GemPop - Blue.prefab using Guid(d57b7e73ed9aebb40ab472606003ab9f) Importer(815301076,1909f56bfc062723c751e8b465ee728b)  -> (artifact id: 'db8f7a68f75bfd4ac947ba06fd17074f') in 0.006316 seconds
Number of updated asset objects reloaded before import = 0
Number of asset objects unloaded after import = 8
========================================================================
Received Import Request.
  Time since last request: 185.926046 seconds.
  path: Assets/Prefabs/Effects/GemBurst - Blue.prefab
  artifactKey: Guid(a2f80c99110b05840ad73d1ac854ad0a) Importer(815301076,1909f56bfc062723c751e8b465ee728b)
Start importing Assets/Prefabs/Effects/GemBurst - Blue.prefab using Guid(a2f80c99110b05840ad73d1ac854ad0a) Importer(815301076,1909f56bfc062723c751e8b465ee728b)  -> (artifact id: 'b8957769a04d2ac7f2b013475b006527') in 0.005530 seconds
Number of updated asset objects reloaded before import = 0
Number of asset objects unloaded after import = 6
========================================================================
Received Import Request.
  Time since last request: 2.702857 seconds.
  path: Assets/Prefabs/Gems/Gem - Blue.prefab
  artifactKey: Guid(b198eddf361b467418fd5ecbc83e3f69) Importer(815301076,1909f56bfc062723c751e8b465ee728b)
Start importing Assets/Prefabs/Gems/Gem - Blue.prefab using Guid(b198eddf361b467418fd5ecbc83e3f69) Importer(815301076,1909f56bfc062723c751e8b465ee728b)  -> (artifact id: '8a5131ccd96120d10ab77dde48c61c49') in 0.017742 seconds
Number of updated asset objects reloaded before import = 0
Number of asset objects unloaded after import = 21
========================================================================
Received Import Request.
  Time since last request: 0.000033 seconds.
  path: Assets/Prefabs/Gems/TNT Variant.prefab
  artifactKey: Guid(0c37784aff2a8db48af5414f9c846cb8) Importer(815301076,1909f56bfc062723c751e8b465ee728b)
Start importing Assets/Prefabs/Gems/TNT Variant.prefab using Guid(0c37784aff2a8db48af5414f9c846cb8) Importer(815301076,1909f56bfc062723c751e8b465ee728b)  -> (artifact id: 'b85964465d0395a35242e3e9424d9625') in 0.048334 seconds
Number of updated asset objects reloaded before import = 0
Number of asset objects unloaded after import = 37
========================================================================
Received Import Request.
  Time since last request: 5.106307 seconds.
  path: Assets/Prefabs/Gems/Gem - Blue.prefab
  artifactKey: Guid(b198eddf361b467418fd5ecbc83e3f69) Importer(815301076,1909f56bfc062723c751e8b465ee728b)
Start importing Assets/Prefabs/Gems/Gem - Blue.prefab using Guid(b198eddf361b467418fd5ecbc83e3f69) Importer(815301076,1909f56bfc062723c751e8b465ee728b)  -> (artifact id: '525a593a28a25ae5601b5324f54d4c3e') in 0.014427 seconds
Number of updated asset objects reloaded before import = 0
Number of asset objects unloaded after import = 19
========================================================================
Received Import Request.
  Time since last request: 47.728093 seconds.
  path: Assets/Prefabs/Effects/GemBurst - Blue.prefab
  artifactKey: Guid(a2f80c99110b05840ad73d1ac854ad0a) Importer(815301076,1909f56bfc062723c751e8b465ee728b)
Start importing Assets/Prefabs/Effects/GemBurst - Blue.prefab using Guid(a2f80c99110b05840ad73d1ac854ad0a) Importer(815301076,1909f56bfc062723c751e8b465ee728b)  -> (artifact id: '47451039a37880cb5bd7add928fee2ae') in 0.010736 seconds
Number of updated asset objects reloaded before import = 0
Number of asset objects unloaded after import = 8
========================================================================
Received Import Request.
  Time since last request: 168.535803 seconds.
  path: Assets/Prefabs/Effects/GemBurst - Blue.prefab
  artifactKey: Guid(a2f80c99110b05840ad73d1ac854ad0a) Importer(815301076,1909f56bfc062723c751e8b465ee728b)
Start importing Assets/Prefabs/Effects/GemBurst - Blue.prefab using Guid(a2f80c99110b05840ad73d1ac854ad0a) Importer(815301076,1909f56bfc062723c751e8b465ee728b)  -> (artifact id: 'aa6a9f0b47123470b6b8498d48d147f8') in 0.011386 seconds
Number of updated asset objects reloaded before import = 0
Number of asset objects unloaded after import = 8
========================================================================
Received Import Request.
  Time since last request: 10.235188 seconds.
  path: Assets/Prefabs/Gems/Gem - Blue.prefab
  artifactKey: Guid(b198eddf361b467418fd5ecbc83e3f69) Importer(815301076,1909f56bfc062723c751e8b465ee728b)
Start importing Assets/Prefabs/Gems/Gem - Blue.prefab using Guid(b198eddf361b467418fd5ecbc83e3f69) Importer(815301076,1909f56bfc062723c751e8b465ee728b)  -> (artifact id: 'b295d74fbc372cfa38b3d4ff95ea8e71') in 0.021431 seconds
Number of updated asset objects reloaded before import = 0
Number of asset objects unloaded after import = 21
========================================================================
Received Import Request.
  Time since last request: 0.000017 seconds.
  path: Assets/Prefabs/Gems/TNT Variant.prefab
  artifactKey: Guid(0c37784aff2a8db48af5414f9c846cb8) Importer(815301076,1909f56bfc062723c751e8b465ee728b)
Start importing Assets/Prefabs/Gems/TNT Variant.prefab using Guid(0c37784aff2a8db48af5414f9c846cb8) Importer(815301076,1909f56bfc062723c751e8b465ee728b)  -> (artifact id: 'd50e933e440ca0883753417c4988b8fc') in 0.016163 seconds
Number of updated asset objects reloaded before import = 0
Number of asset objects unloaded after import = 37
========================================================================
Received Import Request.
  Time since last request: 0.000019 seconds.
  path: Assets/Prefabs/Gems/Gem - Yellow Variant.prefab
  artifactKey: Guid(17e96bb4c10e16c41aa552eb7cfac9a7) Importer(815301076,1909f56bfc062723c751e8b465ee728b)
Start importing Assets/Prefabs/Gems/Gem - Yellow Variant.prefab using Guid(17e96bb4c10e16c41aa552eb7cfac9a7) Importer(815301076,1909f56bfc062723c751e8b465ee728b)  -> (artifact id: '8bc0fa298791054098c14a304f72d4ce') in 0.016823 seconds
Number of updated asset objects reloaded before import = 0
Number of asset objects unloaded after import = 35
========================================================================
Received Import Request.
  Time since last request: 0.000031 seconds.
  path: Assets/Prefabs/Gems/Gem - Red Variant.prefab
  artifactKey: Guid(220c510aa6a568949a728c582e32a733) Importer(815301076,1909f56bfc062723c751e8b465ee728b)
Start importing Assets/Prefabs/Gems/Gem - Red Variant.prefab using Guid(220c510aa6a568949a728c582e32a733) Importer(815301076,1909f56bfc062723c751e8b465ee728b)  -> (artifact id: '9b48d5bb7d49f0a2bad3b3ad9e6a5322') in 0.017778 seconds
Number of updated asset objects reloaded before import = 0
Number of asset objects unloaded after import = 35
========================================================================
Received Import Request.
  Time since last request: 39.322142 seconds.
  path: Assets/Prefabs/Effects/GemPop - Blue.prefab
  artifactKey: Guid(d57b7e73ed9aebb40ab472606003ab9f) Importer(815301076,1909f56bfc062723c751e8b465ee728b)
Start importing Assets/Prefabs/Effects/GemPop - Blue.prefab using Guid(d57b7e73ed9aebb40ab472606003ab9f) Importer(815301076,1909f56bfc062723c751e8b465ee728b)  -> (artifact id: '6bccd6e69d78a90e5ac6f50d868b120b') in 0.019467 seconds
Number of updated asset objects reloaded before import = 0
Number of asset objects unloaded after import = 8
========================================================================
Received Import Request.
  Time since last request: 8.520707 seconds.
  path: Assets/Prefabs/Effects/InitialExplosion.prefab
  artifactKey: Guid(f25ab7f1237264644b5b3db77e7f418b) Importer(815301076,1909f56bfc062723c751e8b465ee728b)
Start importing Assets/Prefabs/Effects/InitialExplosion.prefab using Guid(f25ab7f1237264644b5b3db77e7f418b) Importer(815301076,1909f56bfc062723c751e8b465ee728b)  -> (artifact id: 'aefe28cedb7d76856365e2f282a43321') in 0.010852 seconds
Number of updated asset objects reloaded before import = 0
Number of asset objects unloaded after import = 8
========================================================================
Received Import Request.
  Time since last request: 33.006206 seconds.
  path: Assets/Prefabs/Effects/GemPop - Blue.prefab
  artifactKey: Guid(d57b7e73ed9aebb40ab472606003ab9f) Importer(815301076,1909f56bfc062723c751e8b465ee728b)
Start importing Assets/Prefabs/Effects/GemPop - Blue.prefab using Guid(d57b7e73ed9aebb40ab472606003ab9f) Importer(815301076,1909f56bfc062723c751e8b465ee728b)  -> (artifact id: '25c9434035aeb4ef29985e71483182a0') in 0.006917 seconds
Number of updated asset objects reloaded before import = 0
Number of asset objects unloaded after import = 8
========================================================================
Received Import Request.
  Time since last request: 9.770489 seconds.
  path: Assets/Prefabs/Gems/TNT Variant.prefab
  artifactKey: Guid(0c37784aff2a8db48af5414f9c846cb8) Importer(815301076,1909f56bfc062723c751e8b465ee728b)
Start importing Assets/Prefabs/Gems/TNT Variant.prefab using Guid(0c37784aff2a8db48af5414f9c846cb8) Importer(815301076,1909f56bfc062723c751e8b465ee728b)  -> (artifact id: 'a8a109786a748f00dcf6db51c42c524d') in 0.014246 seconds
Number of updated asset objects reloaded before import = 0
Number of asset objects unloaded after import = 37
========================================================================
Received Import Request.
  Time since last request: 7.188892 seconds.
  path: Assets/Prefabs/Gems/Gem - Blue.prefab
  artifactKey: Guid(b198eddf361b467418fd5ecbc83e3f69) Importer(815301076,1909f56bfc062723c751e8b465ee728b)
Start importing Assets/Prefabs/Gems/Gem - Blue.prefab using Guid(b198eddf361b467418fd5ecbc83e3f69) Importer(815301076,1909f56bfc062723c751e8b465ee728b)  -> (artifact id: 'c8f5d76a9295fe5121379e50e7be1a9d') in 0.013310 seconds
Number of updated asset objects reloaded before import = 0
Number of asset objects unloaded after import = 21
========================================================================
Received Import Request.
  Time since last request: 139.219464 seconds.
  path: Assets/Prefabs/Gems/Gem - Green Variant.prefab
  artifactKey: Guid(2fb3fc1d1b1f8bb47a04d7b61db04cf4) Importer(815301076,1909f56bfc062723c751e8b465ee728b)
Start importing Assets/Prefabs/Gems/Gem - Green Variant.prefab using Guid(2fb3fc1d1b1f8bb47a04d7b61db04cf4) Importer(815301076,1909f56bfc062723c751e8b465ee728b)  -> (artifact id: '11535b9b0553b6991bd4fefd9e010ac8') in 0.032690 seconds
Number of updated asset objects reloaded before import = 0
Number of asset objects unloaded after import = 35
========================================================================
Received Import Request.
  Time since last request: 0.000015 seconds.
  path: Assets/Prefabs/Gems/TNT Variant.prefab
  artifactKey: Guid(0c37784aff2a8db48af5414f9c846cb8) Importer(815301076,1909f56bfc062723c751e8b465ee728b)
Start importing Assets/Prefabs/Gems/TNT Variant.prefab using Guid(0c37784aff2a8db48af5414f9c846cb8) Importer(815301076,1909f56bfc062723c751e8b465ee728b)  -> (artifact id: '0b5768c87bb807b28416a07ba4414766') in 0.022858 seconds
Number of updated asset objects reloaded before import = 0
Number of asset objects unloaded after import = 37
========================================================================
Received Import Request.
  Time since last request: 0.000015 seconds.
  path: Assets/Prefabs/Gems/Gem - Yellow Variant.prefab
  artifactKey: Guid(17e96bb4c10e16c41aa552eb7cfac9a7) Importer(815301076,1909f56bfc062723c751e8b465ee728b)
Start importing Assets/Prefabs/Gems/Gem - Yellow Variant.prefab using Guid(17e96bb4c10e16c41aa552eb7cfac9a7) Importer(815301076,1909f56bfc062723c751e8b465ee728b)  -> (artifact id: '863aceb265a56ea6d482d11dcbac062c') in 0.017967 seconds
Number of updated asset objects reloaded before import = 0
Number of asset objects unloaded after import = 35
========================================================================
Received Import Request.
  Time since last request: 7.671203 seconds.
  path: Assets/Prefabs/Gems/Gem - Green Variant.prefab
  artifactKey: Guid(2fb3fc1d1b1f8bb47a04d7b61db04cf4) Importer(815301076,1909f56bfc062723c751e8b465ee728b)
Start importing Assets/Prefabs/Gems/Gem - Green Variant.prefab using Guid(2fb3fc1d1b1f8bb47a04d7b61db04cf4) Importer(815301076,1909f56bfc062723c751e8b465ee728b)  -> (artifact id: '2efbe16c6516fe6a9aa2caadda2a0f47') in 0.013165 seconds
Number of updated asset objects reloaded before import = 0
Number of asset objects unloaded after import = 35
========================================================================
Received Import Request.
  Time since last request: 4.798231 seconds.
  path: Assets/Prefabs/Gems/Gem - Red Variant.prefab
  artifactKey: Guid(220c510aa6a568949a728c582e32a733) Importer(815301076,1909f56bfc062723c751e8b465ee728b)
Start importing Assets/Prefabs/Gems/Gem - Red Variant.prefab using Guid(220c510aa6a568949a728c582e32a733) Importer(815301076,1909f56bfc062723c751e8b465ee728b)  -> (artifact id: '52a7cd3afcd7cc97a4219bcf4b4b1dbc') in 0.015251 seconds
Number of updated asset objects reloaded before import = 0
Number of asset objects unloaded after import = 35
========================================================================
Received Import Request.
  Time since last request: 6.160303 seconds.
  path: Assets/Prefabs/Gems/Gem - Yellow Variant.prefab
  artifactKey: Guid(17e96bb4c10e16c41aa552eb7cfac9a7) Importer(815301076,1909f56bfc062723c751e8b465ee728b)
Start importing Assets/Prefabs/Gems/Gem - Yellow Variant.prefab using Guid(17e96bb4c10e16c41aa552eb7cfac9a7) Importer(815301076,1909f56bfc062723c751e8b465ee728b)  -> (artifact id: '9c03a5f829c8155ce674d6f08651d52c') in 0.016731 seconds
Number of updated asset objects reloaded before import = 0
Number of asset objects unloaded after import = 35
========================================================================
Received Import Request.
  Time since last request: 13.165016 seconds.
  path: Assets/Prefabs/Gems/TNT Variant.prefab
  artifactKey: Guid(0c37784aff2a8db48af5414f9c846cb8) Importer(815301076,1909f56bfc062723c751e8b465ee728b)
Start importing Assets/Prefabs/Gems/TNT Variant.prefab using Guid(0c37784aff2a8db48af5414f9c846cb8) Importer(815301076,1909f56bfc062723c751e8b465ee728b)  -> (artifact id: '5a49577b896be65a6b57078ed67db574') in 0.017367 seconds
Number of updated asset objects reloaded before import = 0
Number of asset objects unloaded after import = 37
========================================================================
Received Import Request.
  Time since last request: 494.371297 seconds.
  path: Assets/Prefabs/Effects/Celebration Sparkles.prefab
  artifactKey: Guid(169500aece4308e469f9b550ce46e5f1) Importer(815301076,1909f56bfc062723c751e8b465ee728b)
Start importing Assets/Prefabs/Effects/Celebration Sparkles.prefab using Guid(169500aece4308e469f9b550ce46e5f1) Importer(815301076,1909f56bfc062723c751e8b465ee728b)  -> (artifact id: '81505d7712374e068e69090bc55e677b') in 0.019464 seconds
Number of updated asset objects reloaded before import = 0
Number of asset objects unloaded after import = 8
========================================================================
Received Import Request.
  Time since last request: 6.956607 seconds.
  path: Assets/Prefabs/Level Bits/UI Canvas.prefab
  artifactKey: Guid(16ada5e2b15fc0c4d832b2ac23d0f153) Importer(815301076,1909f56bfc062723c751e8b465ee728b)
Start importing Assets/Prefabs/Level Bits/UI Canvas.prefab using Guid(16ada5e2b15fc0c4d832b2ac23d0f153) Importer(815301076,1909f56bfc062723c751e8b465ee728b)  -> (artifact id: '0d2ed6ad786a269e5c6e6c5b4e640df2') in 0.097355 seconds
Number of updated asset objects reloaded before import = 0
Number of asset objects unloaded after import = 145
========================================================================
Received Import Request.
  Time since last request: 321.320668 seconds.
  path: Assets/Prefabs/Effects/Sparkle.prefab
  artifactKey: Guid(bd7289a8eff6ed44093d0ba698c85566) Importer(815301076,1909f56bfc062723c751e8b465ee728b)
Start importing Assets/Prefabs/Effects/Sparkle.prefab using Guid(bd7289a8eff6ed44093d0ba698c85566) Importer(815301076,1909f56bfc062723c751e8b465ee728b)  -> (artifact id: 'c61dadd720bd9f760b6e6e1c7d48a1b2') in 0.035426 seconds
Number of updated asset objects reloaded before import = 0
Number of asset objects unloaded after import = 8
========================================================================
Received Import Request.
  Time since last request: 11.026627 seconds.
  path: Assets/Prefabs/Effects/Sparkle.prefab
  artifactKey: Guid(bd7289a8eff6ed44093d0ba698c85566) Importer(815301076,1909f56bfc062723c751e8b465ee728b)
Start importing Assets/Prefabs/Effects/Sparkle.prefab using Guid(bd7289a8eff6ed44093d0ba698c85566) Importer(815301076,1909f56bfc062723c751e8b465ee728b)  -> (artifact id: '9d23bfefcca0733bd1268db4616f3b0c') in 0.020559 seconds
Number of updated asset objects reloaded before import = 0
Number of asset objects unloaded after import = 8
========================================================================
Received Import Request.
  Time since last request: 170.655481 seconds.
  path: Assets/Prefabs/Level Bits/UI Canvas.prefab
  artifactKey: Guid(16ada5e2b15fc0c4d832b2ac23d0f153) Importer(815301076,1909f56bfc062723c751e8b465ee728b)
Start importing Assets/Prefabs/Level Bits/UI Canvas.prefab using Guid(16ada5e2b15fc0c4d832b2ac23d0f153) Importer(815301076,1909f56bfc062723c751e8b465ee728b)  -> (artifact id: 'fe0041da620cd68dac6db123511ed9fb') in 0.325893 seconds
Number of updated asset objects reloaded before import = 0
Number of asset objects unloaded after import = 172
========================================================================
Received Import Request.
  Time since last request: 625.256102 seconds.
  path: Assets/Prefabs/Level Bits/UI Canvas.prefab
  artifactKey: Guid(16ada5e2b15fc0c4d832b2ac23d0f153) Importer(815301076,1909f56bfc062723c751e8b465ee728b)
Start importing Assets/Prefabs/Level Bits/UI Canvas.prefab using Guid(16ada5e2b15fc0c4d832b2ac23d0f153) Importer(815301076,1909f56bfc062723c751e8b465ee728b)  -> (artifact id: '9901648ceaacc58850a5b7620820b23e') in 0.252081 seconds
Number of updated asset objects reloaded before import = 0
Number of asset objects unloaded after import = 172
========================================================================
Received Import Request.
  Time since last request: 5.891440 seconds.
  path: Assets/Prefabs/Level Bits/UI Canvas.prefab
  artifactKey: Guid(16ada5e2b15fc0c4d832b2ac23d0f153) Importer(815301076,1909f56bfc062723c751e8b465ee728b)
Start importing Assets/Prefabs/Level Bits/UI Canvas.prefab using Guid(16ada5e2b15fc0c4d832b2ac23d0f153) Importer(815301076,1909f56bfc062723c751e8b465ee728b)  -> (artifact id: '75503783a9dad62631eb1faea1e5b965') in 0.038654 seconds
Number of updated asset objects reloaded before import = 0
Number of asset objects unloaded after import = 172
========================================================================
Received Import Request.
  Time since last request: 124.772819 seconds.
  path: Assets/Prefabs/Effects/GemBurst - Blue.prefab
  artifactKey: Guid(a2f80c99110b05840ad73d1ac854ad0a) Importer(815301076,1909f56bfc062723c751e8b465ee728b)
Start importing Assets/Prefabs/Effects/GemBurst - Blue.prefab using Guid(a2f80c99110b05840ad73d1ac854ad0a) Importer(815301076,1909f56bfc062723c751e8b465ee728b)  -> (artifact id: '41b374588676dfc8d14a30e4c9f02d18') in 0.036221 seconds
Number of updated asset objects reloaded before import = 0
Number of asset objects unloaded after import = 8
========================================================================
Received Import Request.
  Time since last request: 97.939390 seconds.
  path: Assets/Prefabs/Effects/GemPop - Blue.prefab
  artifactKey: Guid(d57b7e73ed9aebb40ab472606003ab9f) Importer(815301076,1909f56bfc062723c751e8b465ee728b)
Start importing Assets/Prefabs/Effects/GemPop - Blue.prefab using Guid(d57b7e73ed9aebb40ab472606003ab9f) Importer(815301076,1909f56bfc062723c751e8b465ee728b)  -> (artifact id: 'a862fdba267a5053e602157db3ea447b') in 0.015763 seconds
Number of updated asset objects reloaded before import = 0
Number of asset objects unloaded after import = 8
========================================================================
Received Import Request.
  Time since last request: 41.543336 seconds.
  path: Assets/Prefabs/Effects/GemPop - Blue.prefab
  artifactKey: Guid(d57b7e73ed9aebb40ab472606003ab9f) Importer(815301076,1909f56bfc062723c751e8b465ee728b)
Start importing Assets/Prefabs/Effects/GemPop - Blue.prefab using Guid(d57b7e73ed9aebb40ab472606003ab9f) Importer(815301076,1909f56bfc062723c751e8b465ee728b)  -> (artifact id: '4ebbf35d57be914818b90695e03dee82') in 0.007456 seconds
Number of updated asset objects reloaded before import = 0
Number of asset objects unloaded after import = 8
========================================================================
Received Import Request.
  Time since last request: 41.590221 seconds.
  path: Assets/Prefabs/Gems/Gem - Blue.prefab
  artifactKey: Guid(b198eddf361b467418fd5ecbc83e3f69) Importer(815301076,1909f56bfc062723c751e8b465ee728b)
Start importing Assets/Prefabs/Gems/Gem - Blue.prefab using Guid(b198eddf361b467418fd5ecbc83e3f69) Importer(815301076,1909f56bfc062723c751e8b465ee728b)  -> (artifact id: '3242826187982dad02eeab28fd76268a') in 0.029722 seconds
Number of updated asset objects reloaded before import = 0
Number of asset objects unloaded after import = 21
========================================================================
Received Import Request.
  Time since last request: 0.000022 seconds.
  path: Assets/Prefabs/Gems/TNT Variant.prefab
  artifactKey: Guid(0c37784aff2a8db48af5414f9c846cb8) Importer(815301076,1909f56bfc062723c751e8b465ee728b)
Start importing Assets/Prefabs/Gems/TNT Variant.prefab using Guid(0c37784aff2a8db48af5414f9c846cb8) Importer(815301076,1909f56bfc062723c751e8b465ee728b)  -> (artifact id: '3c708040e1eeafbe7c903e6ab408d639') in 0.052953 seconds
Number of updated asset objects reloaded before import = 0
Number of asset objects unloaded after import = 37
Editor requested this worker to shutdown with reason: Scaling down because of idle timeout
TcpMessagingSession - receive error: operation aborted. errorcode: 995, details: Bir iş parçacığı çıkışı veya bir uygulama isteği nedeniyle G/Ç işlemi iptal edildi.
AssetImportWorker is now disconnected from the server
Process exiting
Exiting without the bug reporter. Application will terminate with return code 0