Using pre-set license
Built from '2022.3/staging' branch; Version is '2022.3.15f1 (b58023a2b463) revision 11894819'; Using compiler version '192829333'; Build Type 'Release'
OS: 'Windows 11  (10.0.22631) 64bit CoreSingleLanguage' Language: 'tr' Physical Memory: 16125 MB
BatchMode: 1, IsHumanControllingUs: 0, StartBugReporterOnCrash: 0, Is64bit: 1, IsPro: 1

COMMAND LINE ARGUMENTS:
D:\2022.3.15f1\Editor\Unity.exe
-adb2
-batchMode
-noUpm
-name
AssetImportWorker0
-projectPath
D:/Unity Projects/Dreamgames_CaseStudy
-logFile
Logs/AssetImportWorker0.log
-srvPort
61272
Successfully changed project path to: D:/Unity Projects/Dreamgames_CaseStudy
D:/Unity Projects/Dreamgames_CaseStudy
[UnityMemory] Configuration Parameters - Can be set up in boot.config
    "memorysetup-bucket-allocator-granularity=16"
    "memorysetup-bucket-allocator-bucket-count=8"
    "memorysetup-bucket-allocator-block-size=33554432"
    "memorysetup-bucket-allocator-block-count=8"
    "memorysetup-main-allocator-block-size=16777216"
    "memorysetup-thread-allocator-block-size=16777216"
    "memorysetup-gfx-main-allocator-block-size=16777216"
    "memorysetup-gfx-thread-allocator-block-size=16777216"
    "memorysetup-cache-allocator-block-size=4194304"
    "memorysetup-typetree-allocator-block-size=2097152"
    "memorysetup-profiler-bucket-allocator-granularity=16"
    "memorysetup-profiler-bucket-allocator-bucket-count=8"
    "memorysetup-profiler-bucket-allocator-block-size=33554432"
    "memorysetup-profiler-bucket-allocator-block-count=8"
    "memorysetup-profiler-allocator-block-size=16777216"
    "memorysetup-profiler-editor-allocator-block-size=1048576"
    "memorysetup-temp-allocator-size-main=16777216"
    "memorysetup-job-temp-allocator-block-size=2097152"
    "memorysetup-job-temp-allocator-block-size-background=1048576"
    "memorysetup-job-temp-allocator-reduction-small-platforms=262144"
    "memorysetup-allocator-temp-initial-block-size-main=262144"
    "memorysetup-allocator-temp-initial-block-size-worker=262144"
    "memorysetup-temp-allocator-size-background-worker=32768"
    "memorysetup-temp-allocator-size-job-worker=262144"
    "memorysetup-temp-allocator-size-preload-manager=33554432"
    "memorysetup-temp-allocator-size-nav-mesh-worker=65536"
    "memorysetup-temp-allocator-size-audio-worker=65536"
    "memorysetup-temp-allocator-size-cloud-worker=32768"
    "memorysetup-temp-allocator-size-gi-baking-worker=262144"
    "memorysetup-temp-allocator-size-gfx=262144"
Player connection [14024] Host "[IP] 192.168.1.2 [Port] 0 [Flags] 2 [Guid] 1741895060 [EditorId] 1741895060 [Version] 1048832 [Id] WindowsEditor(7,Akdeniz) [Debug] 1 [PackageName] WindowsEditor [ProjectName] Editor" joined multi-casting on [225.0.0.222:54997]...

Player connection [14024] Host "[IP] 192.168.1.2 [Port] 0 [Flags] 2 [Guid] 1741895060 [EditorId] 1741895060 [Version] 1048832 [Id] WindowsEditor(7,Akdeniz) [Debug] 1 [PackageName] WindowsEditor [ProjectName] Editor" joined alternative multi-casting on [225.0.0.222:34997]...

[Physics::Module] Initialized MultithreadedJobDispatcher with 15 workers.
Refreshing native plugins compatible for Editor in 8.67 ms, found 3 plugins.
Preloading 0 native plugins for Editor in 0.00 ms.
Initialize engine version: 2022.3.15f1 (b58023a2b463)
[Subsystems] Discovering subsystems at path D:/2022.3.15f1/Editor/Data/Resources/UnitySubsystems
[Subsystems] Discovering subsystems at path D:/Unity Projects/Dreamgames_CaseStudy/Assets
GfxDevice: creating device client; threaded=0; jobified=0
Direct3D:
    Version:  Direct3D 11.0 [level 11.1]
    Renderer: NVIDIA GeForce RTX 3060 Laptop GPU (ID=0x2520)
    Vendor:   NVIDIA
    VRAM:     5996 MB
    Driver:   32.0.15.6094
Initialize mono
Mono path[0] = 'D:/2022.3.15f1/Editor/Data/Managed'
Mono path[1] = 'D:/2022.3.15f1/Editor/Data/MonoBleedingEdge/lib/mono/unityjit-win32'
Mono config path = 'D:/2022.3.15f1/Editor/Data/MonoBleedingEdge/etc'
Using monoOptions --debugger-agent=transport=dt_socket,embedding=1,server=y,suspend=n,address=127.0.0.1:56408
Begin MonoManager ReloadAssembly
Registering precompiled unity dll's ...
Register platform support module: D:/2022.3.15f1/Editor/Data/PlaybackEngines/WebGLSupport/UnityEditor.WebGL.Extensions.dll
Register platform support module: D:/2022.3.15f1/Editor/Data/PlaybackEngines/WindowsStandaloneSupport/UnityEditor.WindowsStandalone.Extensions.dll
Registered in 0.004034 seconds.
- Loaded All Assemblies, in  0.456 seconds
Native extension for WindowsStandalone target not found
Native extension for WebGL target not found
Mono: successfully reloaded assembly
- Finished resetting the current domain, in  0.340 seconds
Domain Reload Profiling: 796ms
	BeginReloadAssembly (169ms)
		ExecutionOrderSort (0ms)
		DisableScriptedObjects (0ms)
		BackupInstance (0ms)
		ReleaseScriptingObjects (0ms)
		CreateAndSetChildDomain (1ms)
	RebuildCommonClasses (46ms)
	RebuildNativeTypeToScriptingClass (14ms)
	initialDomainReloadingComplete (61ms)
	LoadAllAssembliesAndSetupDomain (165ms)
		LoadAssemblies (170ms)
		RebuildTransferFunctionScriptingTraits (0ms)
		AnalyzeDomain (162ms)
			TypeCache.Refresh (160ms)
				TypeCache.ScanAssembly (144ms)
			ScanForSourceGeneratedMonoScriptInfo (0ms)
			ResolveRequiredComponents (1ms)
	FinalizeReload (340ms)
		ReleaseScriptCaches (0ms)
		RebuildScriptCaches (0ms)
		SetupLoadedEditorAssemblies (265ms)
			LogAssemblyErrors (0ms)
			InitializePlatformSupportModulesInManaged (11ms)
			SetLoadedEditorAssemblies (6ms)
			RefreshPlugins (0ms)
			BeforeProcessingInitializeOnLoad (3ms)
			ProcessInitializeOnLoadAttributes (185ms)
			ProcessInitializeOnLoadMethodAttributes (61ms)
			AfterProcessingInitializeOnLoad (0ms)
			EditorAssembliesLoaded (0ms)
		ExecutionOrderSort2 (0ms)
		AwakeInstancesAfterBackupRestoration (0ms)
========================================================================
Worker process is ready to serve import requests
Begin MonoManager ReloadAssembly
- Loaded All Assemblies, in  0.610 seconds
Refreshing native plugins compatible for Editor in 4.37 ms, found 3 plugins.
Native extension for WindowsStandalone target not found
Native extension for WebGL target not found
Package Manager log level set to [2]
[Package Manager] Server::EnsureServerProcessIsRunning -- launch failed, reason: Unity was launched with the -noUpm command-line argument
[Package Manager] UpmClient::Send -- Unable to send message (not connected to UPM process).
[Package Manager] Cannot connect to Unity Package Manager local server
Mono: successfully reloaded assembly
- Finished resetting the current domain, in  0.911 seconds
Domain Reload Profiling: 1521ms
	BeginReloadAssembly (168ms)
		ExecutionOrderSort (0ms)
		DisableScriptedObjects (6ms)
		BackupInstance (0ms)
		ReleaseScriptingObjects (0ms)
		CreateAndSetChildDomain (23ms)
	RebuildCommonClasses (36ms)
	RebuildNativeTypeToScriptingClass (11ms)
	initialDomainReloadingComplete (43ms)
	LoadAllAssembliesAndSetupDomain (351ms)
		LoadAssemblies (309ms)
		RebuildTransferFunctionScriptingTraits (0ms)
		AnalyzeDomain (149ms)
			TypeCache.Refresh (127ms)
				TypeCache.ScanAssembly (111ms)
			ScanForSourceGeneratedMonoScriptInfo (17ms)
			ResolveRequiredComponents (3ms)
	FinalizeReload (912ms)
		ReleaseScriptCaches (0ms)
		RebuildScriptCaches (0ms)
		SetupLoadedEditorAssemblies (734ms)
			LogAssemblyErrors (0ms)
			InitializePlatformSupportModulesInManaged (6ms)
			SetLoadedEditorAssemblies (5ms)
			RefreshPlugins (0ms)
			BeforeProcessingInitializeOnLoad (60ms)
			ProcessInitializeOnLoadAttributes (627ms)
			ProcessInitializeOnLoadMethodAttributes (34ms)
			AfterProcessingInitializeOnLoad (2ms)
			EditorAssembliesLoaded (0ms)
		ExecutionOrderSort2 (0ms)
		AwakeInstancesAfterBackupRestoration (6ms)
Launched and connected shader compiler UnityShaderCompiler.exe after 0.07 seconds
Refreshing native plugins compatible for Editor in 3.55 ms, found 3 plugins.
Preloading 0 native plugins for Editor in 0.00 ms.
Unloading 2466 Unused Serialized files (Serialized files now loaded: 0)
Unloading 61 unused Assets / (242.4 KB). Loaded Objects now: 2932.
Memory consumption went from 114.3 MB to 114.0 MB.
Total: 4.485900 ms (FindLiveObjects: 0.244600 ms CreateObjectMapping: 0.089400 ms MarkObjects: 3.864000 ms  DeleteObjects: 0.286600 ms)

AssetImportParameters requested are different than current active one (requested -> active):
  custom:video-decoder-webm-vp8: 9c59270c3fd7afecdb556c50c9e8de78 -> 
  custom:SearchIndexIgnoredProperties: e643bd26f0fe6173181afceb89e7c659 -> 
  custom:container-demuxer-ogg: 62fdf1f143b41e24485cea50d1cbac27 -> 
  custom:AudioImporter_EditorPlatform: d09bf68614088b80899f8185d706f6e7 -> 
  custom:video-codec-MediaFoundation-h265: 746d11721c4dcdbdad8f713fa42b33f4 -> 
  custom:video-decoder-ogg-theora: a1e56fd34408186e4bbccfd4996cb3dc -> 
  custom:framework-win-MediaFoundation: 216162199b28c13a410421893ffa2e32 -> 
  custom:video-encoder-webm-vp8: eb34c28f22e8b96e1ab97ce403110664 -> 
  custom:audio-decoder-ogg-vorbis: bf7c407c2cedff20999df2af8eb42d56 -> 
  custom:CustomObjectIndexerAttribute: 43b350a4d6e6d1791af0b5038c4bea17 -> 
  custom:container-demuxer-webm: 4f35f7cbe854078d1ac9338744f61a02 -> 
  custom:audio-encoder-webm-vorbis: bf7c407c2cedff20999df2af8eb42d56 -> 
  custom:container-muxer-webm: aa71ff27fc2769a1b78a27578f13a17b -> 
========================================================================
Received Import Request.
  Time since last request: 179357.902055 seconds.
  path: Assets/Prefabs/Effects/GemExplosion - Blue.prefab
  artifactKey: Guid(98f9ba1829d2ba44cb15059ef858e32b) Importer(815301076,1909f56bfc062723c751e8b465ee728b)
Start importing Assets/Prefabs/Effects/GemExplosion - Blue.prefab using Guid(98f9ba1829d2ba44cb15059ef858e32b) Importer(815301076,1909f56bfc062723c751e8b465ee728b)  -> (artifact id: '2085f245d916c584e83c6e28eaa0d997') in 0.084680 seconds
Number of updated asset objects reloaded before import = 0
Number of asset objects unloaded after import = 8
========================================================================
Received Import Request.
  Time since last request: 12.235195 seconds.
  path: Assets/Prefabs/Gems/TNT Variant.prefab
  artifactKey: Guid(0c37784aff2a8db48af5414f9c846cb8) Importer(815301076,1909f56bfc062723c751e8b465ee728b)
Start importing Assets/Prefabs/Gems/TNT Variant.prefab using Guid(0c37784aff2a8db48af5414f9c846cb8) Importer(815301076,1909f56bfc062723c751e8b465ee728b)  -> (artifact id: '66f6ef38917c8e9278137ba4161343d1') in 0.036181 seconds
Number of updated asset objects reloaded before import = 0
Number of asset objects unloaded after import = 45
========================================================================
Received Import Request.
  Time since last request: 5.815796 seconds.
  path: Assets/Prefabs/Gems/Gem - Blue.prefab
  artifactKey: Guid(b198eddf361b467418fd5ecbc83e3f69) Importer(815301076,1909f56bfc062723c751e8b465ee728b)
Start importing Assets/Prefabs/Gems/Gem - Blue.prefab using Guid(b198eddf361b467418fd5ecbc83e3f69) Importer(815301076,1909f56bfc062723c751e8b465ee728b)  -> (artifact id: 'f5deaf582e7bf82ad028a66793ede445') in 0.013298 seconds
Number of updated asset objects reloaded before import = 0
Number of asset objects unloaded after import = 21
========================================================================
Received Import Request.
  Time since last request: 21.950243 seconds.
  path: Assets/Prefabs/Effects/GemExplosion - Blue.prefab
  artifactKey: Guid(98f9ba1829d2ba44cb15059ef858e32b) Importer(815301076,1909f56bfc062723c751e8b465ee728b)
Start importing Assets/Prefabs/Effects/GemExplosion - Blue.prefab using Guid(98f9ba1829d2ba44cb15059ef858e32b) Importer(815301076,1909f56bfc062723c751e8b465ee728b)  -> (artifact id: 'ff3fa40635b452b1c3f5d6ca5a6e75be') in 0.006365 seconds
Number of updated asset objects reloaded before import = 0
Number of asset objects unloaded after import = 8
========================================================================
Received Import Request.
  Time since last request: 65.869124 seconds.
  path: Assets/Prefabs/Level Bits/UI Canvas.prefab
  artifactKey: Guid(16ada5e2b15fc0c4d832b2ac23d0f153) Importer(815301076,1909f56bfc062723c751e8b465ee728b)
Start importing Assets/Prefabs/Level Bits/UI Canvas.prefab using Guid(16ada5e2b15fc0c4d832b2ac23d0f153) Importer(815301076,1909f56bfc062723c751e8b465ee728b)  -> (artifact id: 'b69989699d43595a60ee7936c6148ee8') in 0.105416 seconds
Number of updated asset objects reloaded before import = 0
Number of asset objects unloaded after import = 149
========================================================================
Received Import Request.
  Time since last request: 13.201026 seconds.
  path: Assets/Prefabs/Level Bits/UI Canvas.prefab
  artifactKey: Guid(16ada5e2b15fc0c4d832b2ac23d0f153) Importer(815301076,1909f56bfc062723c751e8b465ee728b)
Start importing Assets/Prefabs/Level Bits/UI Canvas.prefab using Guid(16ada5e2b15fc0c4d832b2ac23d0f153) Importer(815301076,1909f56bfc062723c751e8b465ee728b)  -> (artifact id: '1841f42891da05968e73b72b634dbb90') in 0.020624 seconds
Number of updated asset objects reloaded before import = 0
Number of asset objects unloaded after import = 145
========================================================================
Received Import Request.
  Time since last request: 23.305370 seconds.
  path: Assets/Prefabs/Gems/Gem - Blue.prefab
  artifactKey: Guid(b198eddf361b467418fd5ecbc83e3f69) Importer(815301076,1909f56bfc062723c751e8b465ee728b)
Start importing Assets/Prefabs/Gems/Gem - Blue.prefab using Guid(b198eddf361b467418fd5ecbc83e3f69) Importer(815301076,1909f56bfc062723c751e8b465ee728b)  -> (artifact id: '96d5f66bf51db4f07a13c3164961eca3') in 0.013162 seconds
Number of updated asset objects reloaded before import = 0
Number of asset objects unloaded after import = 21
========================================================================
Received Import Request.
  Time since last request: 0.000019 seconds.
  path: Assets/Prefabs/Gems/TNT Variant.prefab
  artifactKey: Guid(0c37784aff2a8db48af5414f9c846cb8) Importer(815301076,1909f56bfc062723c751e8b465ee728b)
Start importing Assets/Prefabs/Gems/TNT Variant.prefab using Guid(0c37784aff2a8db48af5414f9c846cb8) Importer(815301076,1909f56bfc062723c751e8b465ee728b)  -> (artifact id: '563ce1c3c32cdf97d465b80985c401cf') in 0.015575 seconds
Number of updated asset objects reloaded before import = 0
Number of asset objects unloaded after import = 50
========================================================================
Received Import Request.
  Time since last request: 0.000029 seconds.
  path: Assets/Prefabs/Gems/Gem - Red Variant.prefab
  artifactKey: Guid(220c510aa6a568949a728c582e32a733) Importer(815301076,1909f56bfc062723c751e8b465ee728b)
Start importing Assets/Prefabs/Gems/Gem - Red Variant.prefab using Guid(220c510aa6a568949a728c582e32a733) Importer(815301076,1909f56bfc062723c751e8b465ee728b)  -> (artifact id: '44031843264b86cf381d0e2551550cbc') in 0.017864 seconds
Number of updated asset objects reloaded before import = 0
Number of asset objects unloaded after import = 48
========================================================================
Received Import Request.
  Time since last request: 305.950924 seconds.
  path: Assets/Prefabs/Gems/Gem - Green Variant.prefab
  artifactKey: Guid(2fb3fc1d1b1f8bb47a04d7b61db04cf4) Importer(815301076,1909f56bfc062723c751e8b465ee728b)
Start importing Assets/Prefabs/Gems/Gem - Green Variant.prefab using Guid(2fb3fc1d1b1f8bb47a04d7b61db04cf4) Importer(815301076,1909f56bfc062723c751e8b465ee728b)  -> (artifact id: '4d37cb2fe8b893439dc07910dc50b70a') in 0.739761 seconds
Number of updated asset objects reloaded before import = 0
Number of asset objects unloaded after import = 48
========================================================================
Received Import Request.
  Time since last request: 0.000025 seconds.
  path: Assets/Prefabs/Gems/TNT Variant.prefab
  artifactKey: Guid(0c37784aff2a8db48af5414f9c846cb8) Importer(815301076,1909f56bfc062723c751e8b465ee728b)
Start importing Assets/Prefabs/Gems/TNT Variant.prefab using Guid(0c37784aff2a8db48af5414f9c846cb8) Importer(815301076,1909f56bfc062723c751e8b465ee728b)  -> (artifact id: '1ff56bca88494ccc9acb43bd324952fd') in 0.019766 seconds
Number of updated asset objects reloaded before import = 0
Number of asset objects unloaded after import = 50
Editor requested this worker to shutdown with reason: Scaling down because of idle timeout
TcpMessagingSession - receive error: operation aborted. errorcode: 995, details: Bir iş parçacığı çıkışı veya bir uygulama isteği nedeniyle G/Ç işlemi iptal edildi.
AssetImportWorker is now disconnected from the server
Process exiting
Exiting without the bug reporter. Application will terminate with return code 0